<?xml version="1.0" encoding="UTF-8"?>
<testsuite name="EventTest" tests="1" skipped="0" failures="0" errors="0" timestamp="2016-09-09T16:16:20" hostname="DESKTOP-13KCJSP" time="0.0">
  <properties/>
  <testcase name="runEvent_createsInstance" classname="EventTest" time="0.0"/>
  <system-out><![CDATA[]]></system-out>
  <system-err><![CDATA[]]></system-err>
</testsuite>
